[2025-10-19 16:41:12,495: INFO: main: >>>>>> stage Data Ingestion Stage started <<<<<<]
[2025-10-19 16:41:12,501: INFO: common: yaml file: config\config.yaml loaded successfully]
[2025-10-19 16:41:12,507: INFO: common: yaml file: params.yaml loaded successfully]
[2025-10-19 16:41:12,510: INFO: common: yaml file: schema.yaml loaded successfully]
[2025-10-19 16:41:12,513: INFO: common: created directory at: artifacts]
[2025-10-19 16:41:12,519: INFO: common: created directory at: artifacts/data_ingestion]
[2025-10-19 16:41:14,214: INFO: data_ingestion: artifacts/data_ingestion/data.zip download! with following info: 
Connection: close
Content-Length: 23329
Cache-Control: max-age=300
Content-Security-Policy: default-src 'none'; style-src 'unsafe-inline'; sandbox
Content-Type: application/zip
ETag: "c69888a4ae59bc5a893392785a938ccd4937981c06ba8a9d6a21aa52b4ab5b6e"
Strict-Transport-Security: max-age=31536000
X-Content-Type-Options: nosniff
X-Frame-Options: deny
X-XSS-Protection: 1; mode=block
X-GitHub-Request-Id: C051:7DCB3:972F88:B46DCE:68F4C23E
Accept-Ranges: bytes
Date: Sun, 19 Oct 2025 11:41:14 GMT
Via: 1.1 varnish
X-Served-By: cache-fjr990034-FJR
X-Cache: HIT
X-Cache-Hits: 1
X-Timer: S1760874074.814593,VS0,VE327
Vary: Authorization,Accept-Encoding
Access-Control-Allow-Origin: *
Cross-Origin-Resource-Policy: cross-origin
X-Fastly-Request-ID: 9c06e610a95d43e6fe0115496600e66e468d1413
Expires: Sun, 19 Oct 2025 11:46:14 GMT
Source-Age: 0

]
[2025-10-19 16:41:14,303: INFO: main: >>>>>> stage Data Ingestion Stage completed <<<<<<

x==========x]
